[debug] [2022-12-11T14:54:50.052Z] ----------------------------------------------------------------------
[debug] [2022-12-11T14:54:50.054Z] Command:       /usr/local/bin/firebase /Users/dulstankutna/.cache/firebase/tools/lib/node_modules/firebase-tools/lib/bin/firebase init hosting
[debug] [2022-12-11T14:54:50.055Z] CLI Version:   11.16.1
[debug] [2022-12-11T14:54:50.055Z] Platform:      darwin
[debug] [2022-12-11T14:54:50.055Z] Node Version:  v16.16.0
[debug] [2022-12-11T14:54:50.062Z] Time:          Sun Dec 11 2022 15:54:50 GMT+0100 (GMT+01:00)
[debug] [2022-12-11T14:54:50.063Z] ----------------------------------------------------------------------
[debug] 
[debug] [2022-12-11T14:54:50.074Z] >>> [apiv2][query] GET https://firebase-public.firebaseio.com/cli.json [none]
[debug] [2022-12-11T14:54:50.184Z] > command requires scopes: ["email","openid","https://www.googleapis.com/auth/cloudplatformprojects.readonly","https://www.googleapis.com/auth/firebase","https://www.googleapis.com/auth/cloud-platform"]
[debug] [2022-12-11T14:54:50.185Z] > authorizing via signed-in user (dulstan.kutna@gmail.com)
[info] 
     ######## #### ########  ######## ########     ###     ######  ########
     ##        ##  ##     ## ##       ##     ##  ##   ##  ##       ##
     ######    ##  ########  ######   ########  #########  ######  ######
     ##        ##  ##    ##  ##       ##     ## ##     ##       ## ##
     ##       #### ##     ## ######## ########  ##     ##  ######  ########

You're about to initialize a Firebase project in this directory:

  /Users/dulstankutna

Before we get started, keep in mind:

  * You are initializing within an existing Firebase project directory

[info] 
=== Project Setup
[info] 
[info] First, let's associate this project directory with a Firebase project.
[info] You can create multiple project aliases by running firebase use --add, 
[info] but for now we'll just set up a default project.
[info] 
[debug] [2022-12-11T14:54:50.192Z] Using project from CLI flag: freewebsitehostingdemo-29669
[debug] [2022-12-11T14:54:50.193Z] > refreshing access token with scopes: []
[debug] [2022-12-11T14:54:50.195Z] >>> [apiv2][query] POST https://www.googleapis.com/oauth2/v3/token [none]
[debug] [2022-12-11T14:54:50.195Z] >>> [apiv2][body] POST https://www.googleapis.com/oauth2/v3/token [omitted]
[debug] [2022-12-11T14:54:50.387Z] <<< [apiv2][status] POST https://www.googleapis.com/oauth2/v3/token 200
[debug] [2022-12-11T14:54:50.390Z] <<< [apiv2][body] POST https://www.googleapis.com/oauth2/v3/token [omitted]
[debug] [2022-12-11T14:54:50.438Z] >>> [apiv2][query] GET https://firebase.googleapis.com/v1beta1/projects/freewebsitehostingdemo-29669 [none]
[debug] [2022-12-11T14:54:50.612Z] <<< [apiv2][status] GET https://firebase-public.firebaseio.com/cli.json 200
[debug] [2022-12-11T14:54:50.617Z] <<< [apiv2][body] GET https://firebase-public.firebaseio.com/cli.json {"cloudBuildErrorAfter":1594252800000,"cloudBuildWarnAfter":1590019200000,"defaultNode10After":1594252800000,"minVersion":"3.0.5","node8DeploysDisabledAfter":1613390400000,"node8RuntimeDisabledAfter":1615809600000,"node8WarnAfter":1600128000000}
[debug] [2022-12-11T14:54:50.910Z] <<< [apiv2][status] GET https://firebase.googleapis.com/v1beta1/projects/freewebsitehostingdemo-29669 200
[debug] [2022-12-11T14:54:50.910Z] <<< [apiv2][body] GET https://firebase.googleapis.com/v1beta1/projects/freewebsitehostingdemo-29669 {"projectId":"freewebsitehostingdemo-29669","projectNumber":"267033128484","displayName":"FreeWebsiteHostingDemo","name":"projects/freewebsitehostingdemo-29669","resources":{"hostingSite":"freewebsitehostingdemo-29669"},"state":"ACTIVE","etag":"1_0a989cdd-dcd5-40a2-a6ea-917c6f3b7007"}
[info] i  Using project freewebsitehostingdemo-29669 (FreeWebsiteHostingDemo) 
[info] 
=== Hosting Setup
[info] 
[info] Your public directory is the folder (relative to your project directory) that
[info] will contain Hosting assets to be uploaded with firebase deploy. If you
[info] have a build process for your assets, use your build's output directory.
[info] 
[debug] [2022-12-11T14:56:14.958Z] >>> [apiv2][query] GET https://www.gstatic.com/firebasejs/releases.json [none]
[debug] [2022-12-11T14:56:15.098Z] <<< [apiv2][status] GET https://www.gstatic.com/firebasejs/releases.json 200
[debug] [2022-12-11T14:56:15.099Z] <<< [apiv2][body] GET https://www.gstatic.com/firebasejs/releases.json {"current":{"version":"9.15.0","browserURL":"https://www.gstatic.com/firebasejs/9.15.0/firebase.js","packageURL":"https://www.gstatic.com/firebasejs/9.15.0/firebase.tgz"},"live":{"version":"9.15","browserURL":"https://www.gstatic.com/firebasejs/live/9.15/firebase.js","packageURL":"https://www.gstatic.com/firebasejs/live/9.15/firebase.tgz"},"components":{"analytics":"https://www.gstatic.com/firebasejs/9.15.0/firebase-analytics.js","app":"https://www.gstatic.com/firebasejs/9.15.0/firebase-app.js","app-check":"https://www.gstatic.com/firebasejs/9.15.0/firebase-app-check.js","auth":"https://www.gstatic.com/firebasejs/9.15.0/firebase-auth.js","auth/cordova":"https://www.gstatic.com/firebasejs/9.15.0/firebase-auth/cordova.js","auth/react-native":"https://www.gstatic.com/firebasejs/9.15.0/firebase-auth/react-native.js","functions":"https://www.gstatic.com/firebasejs/9.15.0/firebase-functions.js","firestore":"https://www.gstatic.com/firebasejs/9.15.0/firebase-firestore.js","firestore/lite":"https://www.gstatic.com/firebasejs/9.15.0/firebase-firestore/lite.js","installations":"https://www.gstatic.com/firebasejs/9.15.0/firebase-installations.js","storage":"https://www.gstatic.com/firebasejs/9.15.0/firebase-storage.js","performance":"https://www.gstatic.com/firebasejs/9.15.0/firebase-performance.js","remote-config":"https://www.gstatic.com/firebasejs/9.15.0/firebase-remote-config.js","messaging":"https://www.gstatic.com/firebasejs/9.15.0/firebase-messaging.js","messaging/sw":"https://www.gstatic.com/firebasejs/9.15.0/firebase-messaging/sw.js","database":"https://www.gstatic.com/firebasejs/9.15.0/firebase-database.js","firestore.memory":"https://www.gstatic.com/firebasejs/9.15.0/firebase-firestore.memory.js"}}
[info] ✔  Wrote public/index.html 
[info] 
[info] i  Didn't detect a .git folder. Assuming /Users/dulstankutna/Downloads/DE-VE-DE is the project root. 
[info] i  Authorizing with GitHub to upload your service account to a GitHub repository's secrets store. 
[info] 
[info] Visit this URL on this device to log in:
[info] https://github.com/login/oauth/authorize?client_id=89cf50f02ac6aaed3484&state=611356854&redirect_uri=http%3A%2F%2Flocalhost%3A9005&scope=read%3Auser%20repo%20public_repo
[info] 
[info] Waiting for authentication...
[debug] [2022-12-11T14:56:32.798Z] >>> [apiv2][query] POST https://github.com/login/oauth/access_token [none]
[debug] [2022-12-11T14:56:32.799Z] >>> [apiv2][body] POST https://github.com/login/oauth/access_token [stream]
[debug] [2022-12-11T14:56:33.159Z] <<< [apiv2][status] POST https://github.com/login/oauth/access_token 200
[debug] [2022-12-11T14:56:33.160Z] <<< [apiv2][body] POST https://github.com/login/oauth/access_token {"access_token":"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","token_type":"bearer","scope":"read:user,repo"}
[debug] [2022-12-11T14:56:33.182Z] >>> [apiv2][query] GET https://api.github.com/user [none]
[debug] [2022-12-11T14:56:33.532Z] <<< [apiv2][status] GET https://api.github.com/user 200
[debug] [2022-12-11T14:56:33.534Z] <<< [apiv2][body] GET https://api.github.com/user {"login":"dulstan","id":114564962,"node_id":"U_kgDOBtQfYg","avatar_url":"https://avatars.githubusercontent.com/u/114564962?v=4","gravatar_id":"","url":"https://api.github.com/users/dulstan","html_url":"https://github.com/dulstan","followers_url":"https://api.github.com/users/dulstan/followers","following_url":"https://api.github.com/users/dulstan/following{/other_user}","gists_url":"https://api.github.com/users/dulstan/gists{/gist_id}","starred_url":"https://api.github.com/users/dulstan/starred{/owner}{/repo}","subscriptions_url":"https://api.github.com/users/dulstan/subscriptions","organizations_url":"https://api.github.com/users/dulstan/orgs","repos_url":"https://api.github.com/users/dulstan/repos","events_url":"https://api.github.com/users/dulstan/events{/privacy}","received_events_url":"https://api.github.com/users/dulstan/received_events","type":"User","site_admin":false,"name":null,"company":null,"blog":"","location":null,"email":null,"hireable":null,"bio":null,"twitter_username":null,"public_repos":11,"public_gists":0,"followers":1,"following":0,"created_at":"2022-09-28T07:22:35Z","updated_at":"2022-11-08T12:51:15Z","private_gists":0,"total_private_repos":2,"owned_private_repos":2,"disk_usage":5208,"collaborators":0,"two_factor_authentication":false,"plan":{"name":"free","space":976562499,"collaborators":0,"private_repos":10000}}
[info] 
[info] ✔  Success! Logged into GitHub as dulstan 
[info] 
